-------------------------------------------------------------------------------
Test set: com.cts.junit.helper.StringHelperTest
-------------------------------------------------------------------------------
Tests run: 6, Failures: 1, Errors: 0, Skipped: 0, Time elapsed: 0.187 s <<< FAILURE! - in com.cts.junit.helper.StringHelperTest
testTruncateAInFirst2Positions(com.cts.junit.helper.StringHelperTest)  Time elapsed: 0.023 s  <<< FAILURE!
org.junit.ComparisonFailure: expected:<[q]CD> but was:<[]CD>
	at com.cts.junit.helper.StringHelperTest.testTruncateAInFirst2Positions(StringHelperTest.java:19)

