<?xml version="1.0" encoding="UTF-8"?>
<testsuite xmlns:xsi="http://www.w3.org/2001/XMLSchema-instance" xsi:noNamespaceSchemaLocation="https://maven.apache.org/surefire/maven-surefire-plugin/xsd/surefire-test-report.xsd" name="com.cts.junit.helper.StringHelperTest" time="0.187" tests="6" errors="0" skipped="0" failures="1">
  <properties>
[...]
</properties>
  <testcase name="testArray_NullPointerException" classname="com.cts.junit.helper.StringHelperTest" time="0.001"/>
  <testcase name="testAreFirstAndLastTwoCharactersTheSame_Positive" classname="com.cts.junit.helper.StringHelperTest" time="0"/>
  <testcase name="testAreFirstAndLastTwoCharactersTheSame_Negative" classname="com.cts.junit.helper.StringHelperTest" time="0"/>
  <testcase name="testTruncateAInFirst2Positions" classname="com.cts.junit.helper.StringHelperTest" time="0.023">
    <failure message="expected:&lt;[q]CD&gt; but was:&lt;[]CD&gt;" type="org.junit.ComparisonFailure"><![CDATA[org.junit.ComparisonFailure: expected:<[q]CD> but was:<[]CD>
	at com.cts.junit.helper.StringHelperTest.testTruncateAInFirst2Positions(StringHelperTest.java:19)
]]></failure>
  </testcase>
  <testcase name="testArraySort_RandomArray" classname="com.cts.junit.helper.StringHelperTest" time="0"/>
  <testcase name="testTruncateAInFirstPosition" classname="com.cts.junit.helper.StringHelperTest" time="0.022"/>
</testsuite>